2025-08-21 12:03:09,224 [T1] INFO  EngineStarter
BOT Engine Start - v3.1.125.00701 at 2025-08-21 오후 12:03:09
EngineID: D_20250821_120308_422
PID : 2920
PPID: 12136
Working Directory: C:\Users\3CLASS_018\AppData\Roaming\Brity RPA Designer

2025-08-21 12:03:09,239 [T1] INFO  EngineStarter
System Language: ko-KR
Resolution: 1920 x 1080

2025-08-21 12:03:09,463 [T1] INFO  Config
Initialize Config

2025-08-21 12:03:09,519 [T1] DEBUG Config
Config Loaded

2025-08-21 12:03:09,520 [T1] DEBUG Config
Backup config file.

2025-08-21 12:03:09,549 [T1] INFO  Config
Orchestrator Service => https://bwrpa.samsungsds.com:8777

2025-08-21 12:03:09,556 [T1] INFO  Config
Initialize Resource Config

2025-08-21 12:03:09,588 [T1] DEBUG Config
Refresh Language Information

2025-08-21 12:03:09,688 [T1] INFO  Config
All Config Initialized.

2025-08-21 12:03:09,695 [T1] DEBUG KeyManager
Initialize KeyManager

2025-08-21 12:03:09,698 [T1] DEBUG KeyManager
Load device unique id.

2025-08-21 12:03:09,704 [T1] DEBUG KeyManager
Device ID is initialized.

2025-08-21 12:03:09,710 [T1] INFO  Config
Activated License Type : StandAloneDesigner

2025-08-21 12:03:09,794 [T5] DEBUG JobService
Connect to agent service

2025-08-21 12:03:09,822 [T1] DEBUG ApplicationInitializer
InitMode: Thread

2025-08-21 12:03:09,831 [T1] INFO  LibraryManager
Load Libraries - Started

2025-08-21 12:03:09,835 [T5] DEBUG JobService
JobService URL : net.tcp://127.0.0.1:59001/rpa/agent

2025-08-21 12:03:09,835 [T5] DEBUG JobService
Open connection

2025-08-21 12:03:09,842 [T1] DEBUG AddInLoader
Load Assembly : IPA.Lib.Chrome

2025-08-21 12:03:09,854 [T5] DEBUG JobService
Register engine to agent

2025-08-21 12:03:09,866 [T5] DEBUG JobService
Engine is connected to agent service.

2025-08-21 12:03:09,866 [T5] DEBUG JobService
Owner Process PID: 12136

2025-08-21 12:03:09,869 [T5] INFO  JobService
Start monitoring owner process is terminated.

2025-08-21 12:03:10,036 [T1] DEBUG AddInLoader
Load Assembly : IPA.Lib.Desktop

2025-08-21 12:03:10,216 [T1] DEBUG AddInLoader
Load Assembly : IPA.Lib.Excel

2025-08-21 12:03:10,366 [T1] DEBUG AddInLoader
Load Assembly : IPA.Lib.Flow

2025-08-21 12:03:10,472 [T1] DEBUG AddInLoader
Load Assembly : IPA.Lib.IE

2025-08-21 12:03:10,565 [T1] DEBUG AddInLoader
Load Assembly : IPA.Lib.ImageConverter

2025-08-21 12:03:10,618 [T1] DEBUG AddInLoader
Load Assembly : IPA.Lib.ImageRecognition

2025-08-21 12:03:10,793 [T1] DEBUG AddInLoader
Load Assembly : IPA.Lib.MicrosoftOCR

2025-08-21 12:03:10,850 [T1] DEBUG AddInLoader
Load Assembly : IPA.Lib.Net

2025-08-21 12:03:10,947 [T1] DEBUG AddInLoader
Load Assembly : IPA.Lib.Orchestra

2025-08-21 12:03:11,023 [T1] DEBUG AddInLoader
Load Assembly : IPA.Lib.ProcessFlow

2025-08-21 12:03:11,103 [T1] DEBUG AddInLoader
Load Assembly : IPA.Lib.SAP

2025-08-21 12:03:11,176 [T1] DEBUG AddInLoader
Load Assembly : IPA.Lib.Web

2025-08-21 12:03:11,269 [T1] DEBUG AddInLoader
Load Assembly : IPA.Lib.Win

2025-08-21 12:03:11,416 [T1] INFO  ScreenCapture
Default Screen Capture Bounds: 0,0,1920,1080

2025-08-21 12:03:11,445 [T1] DEBUG AddInLoader
Load Assembly : BrityRPA.AddIn.NativeApp

2025-08-21 12:03:11,549 [T1] DEBUG AddInLoader
Load Assembly : BrityWorks.AddIn.Outlook

2025-08-21 12:03:11,617 [T1] DEBUG AddInLoader
Load Assembly : BrityWorks.AddIn.Pdf

2025-08-21 12:03:11,696 [T1] DEBUG LibraryManager
Load Library - Chrome

2025-08-21 12:03:11,712 [T1] DEBUG LibraryManager
Load Library - Desktop

2025-08-21 12:03:11,728 [T1] DEBUG LibraryManager
Load Library - Excel

2025-08-21 12:03:11,743 [T1] DEBUG LibraryManager
Load Library - Flow

2025-08-21 12:03:11,759 [T1] DEBUG LibraryManager
Load Library - IE

2025-08-21 12:03:11,775 [T1] DEBUG LibraryManager
Load Library - ImageConverter

2025-08-21 12:03:11,791 [T1] DEBUG LibraryManager
Load Library - ImageRecognition

2025-08-21 12:03:11,806 [T1] DEBUG LibraryManager
Load Library - MicrosoftOCR

2025-08-21 12:03:11,822 [T1] DEBUG LibraryManager
Load Library - NativeApp

2025-08-21 12:03:11,838 [T1] DEBUG LibraryManager
Load Library - Net

2025-08-21 12:03:11,853 [T1] DEBUG LibraryManager
Load Library - Orchestra

2025-08-21 12:03:11,869 [T1] DEBUG LibraryManager
Load Library - Outlook

2025-08-21 12:03:11,884 [T1] DEBUG LibraryManager
Load Library - Pdf

2025-08-21 12:03:11,899 [T1] DEBUG LibraryManager
Load Library - SAP

2025-08-21 12:03:11,914 [T1] DEBUG LibraryManager
Load Library - Web

2025-08-21 12:03:11,930 [T1] DEBUG LibraryManager
Load Library - Win

2025-08-21 12:03:11,946 [T1] DEBUG LibraryManager
Load Library - WorkFlow

2025-08-21 12:03:11,957 [T1] DEBUG LibraryManager
Load built-in script libraries

2025-08-21 12:03:12,227 [T1] INFO  LibraryManager
Load Libraries - Completed.

2025-08-21 12:03:12,237 [T1] INFO  App
Launch Arguments: Total: 6 |  -eid D_20250821_120308_422 -runtype ProcRunner -ppid 12136

2025-08-21 12:03:12,237 [T1] DEBUG Config
Refresh Language Information

2025-08-21 12:03:12,238 [T1] DEBUG LibraryManager
LibraryManager Initialized.

2025-08-21 12:03:24,040 [T8] INFO  JobService
Start Job: T_자동분석 (Foreground)
{
  "JobType": 1,
  "State": 0,
  "IsRunning": false,
  "ResultMessage": null,
  "StartTime": "2025-08-21 12:03:23",
  "EndTime": null,
  "JobId": "Designer_20250821_120323_663",
  "UserAuthentication": null,
  "ProcessPath": "C:\\Users\\3CLASS_018\\Documents\\Brity RPA Projects\\수익성자동분석\\T_자동분석.proc",
  "ProcessId": "354ddf04-9384-4eb5-be4f-65443917acbd",
  "ProcessVer": "",
  "ProcessArgs": "S46ea526715374fc1a36bcbd6b767a2cf;;False",
  "RequesterType": 3,
  "RequesterId": "designer",
  "RequesterPID": 12136,
  "OptionsJsonString": null,
  "TimeoutSec": 0,
  "EngineID": "D_20250821_120308_422",
  "EnginePID": 0,
  "EngineRecommededVersion": "",
  "JobWorkDir": "C:\\Users\\3CLASS_018\\Documents\\Brity RPA Projects\\수익성자동분석\\Histories\\20250821_120323_T_자동분석_Designer_20250821_120323_663",
  "JobLogDir": "C:\\Users\\3CLASS_018\\Documents\\Brity RPA Projects\\수익성자동분석\\Histories\\20250821_120323_T_자동분석_Designer_20250821_120323_663\\Log",
  "JobScreenshotDir": "C:\\Users\\3CLASS_018\\Documents\\Brity RPA Projects\\수익성자동분석\\Histories\\20250821_120323_T_자동분석_Designer_20250821_120323_663\\Log\\Screenshot"
}

2025-08-21 12:03:24,195 [T7] DEBUG JobService
Waiting library loading...

2025-08-21 12:03:24,197 [T7] DEBUG Config
Reload User Settings

2025-08-21 12:03:24,200 [T7] INFO  JobService
Config Loading Completed.

2025-08-21 12:03:24,200 [T7] DEBUG JobService
Config Loading Time: 4 ms.

2025-08-21 12:03:24,206 [T7] DEBUG JobService
Check Shared Token

2025-08-21 12:03:24,209 [T7] DEBUG TokenManager
Load connection token

2025-08-21 12:03:24,212 [T7] DEBUG TokenManager
Clear Connection Token - No Shared Token

2025-08-21 12:03:24,217 [T7] DEBUG ServerInformationClient
get server features for engine bot from config.

2025-08-21 12:03:24,218 [T7] INFO  Config
Try to load server features from config.

2025-08-21 12:03:24,221 [T7] INFO  TokenManager
SecurityType : v2

2025-08-21 12:03:24,223 [T7] INFO  JobService
Shared Token - No Token

2025-08-21 12:03:24,230 [T7] INFO  JobManager
Create JobManager instance for job T_자동분석(Designer_20250821_120323_663)

2025-08-21 12:03:24,238 [T7] INFO  JobRequest
Job ID : Designer_20250821_120323_663
Project Path  : C:\Users\3CLASS_018\Documents\Brity RPA Projects\수익성자동분석\수익성자동분석.proj
Process Name  : T_자동분석
Engine Mode   : Designer
Requester Type: Designer
Requester PID : 12136

2025-08-21 12:03:24,241 [T4] INFO  JobRequest
Start Callback Sender

2025-08-21 12:03:24,241 [T4] DEBUG JobRequest
Step Callback Interval: 500

2025-08-21 12:03:24,277 [T7] DEBUG ProjectManager
Set Project Information

2025-08-21 12:03:24,301 [T7] INFO  PlayOptionManager
PlayOption
- Step Interval : 1
- Disable DrawBounds : False
- Invoke First : False
- Allow Upload of DumpScreen results : False

2025-08-21 12:03:24,303 [T7] INFO  JobRunner
Initialize Script Engine

2025-08-21 12:03:24,319 [T11-ScriptEngine] INFO  JobRequest
##############################################################
### STATE: Initializing
##############################################################


2025-08-21 12:03:24,349 [T4] DEBUG JobRequest
Callback - State: Initializing


2025-08-21 12:03:25,205 [T11-ScriptEngine] INFO  JobRequest
##############################################################
### STATE: Ready
##############################################################


2025-08-21 12:03:25,215 [T4] DEBUG JobRequest
Callback - State: Ready


2025-08-21 12:03:25,216 [T7] INFO  JobRunnerHook
HotKey Hook Started

2025-08-21 12:03:25,217 [T7] INFO  JobRequest
##############################################################
### STATE: Starting
##############################################################


2025-08-21 12:03:25,218 [T11-ScriptEngine] INFO  JobRunner
RunProcess start

2025-08-21 12:03:25,220 [T11-ScriptEngine] INFO  JobRequest
##############################################################
### STATE: Running
##############################################################


2025-08-21 12:03:25,220 [T11-ScriptEngine] INFO  JobRequest
Last job life cycle state: Running

2025-08-21 12:03:25,231 [T4] DEBUG JobRequest
Callback - State: Starting


2025-08-21 12:03:25,246 [T4] DEBUG JobRequest
Callback - State: Running


2025-08-21 12:03:26,431 [T11-ScriptEngine] DEBUG ScreenCapture
DirectX Screen Capture Initialized.

2025-08-21 12:03:26,451 [T11-ScriptEngine] DEBUG JobRunner
DirectX ScreenCapture Checked.

2025-08-21 12:03:26,496 [T11-ScriptEngine] INFO  JobRequest
##############################################################
### STATE: StartProcess - T_자동분석
##############################################################
354ddf04-9384-4eb5-be4f-65443917acbd
T_자동분석


2025-08-21 12:03:26,558 [T11-ScriptEngine] INFO  JobRequest
**************************************************************
*** TASK: T_자동분석
**************************************************************
 - STEP 1: S46ea526715374fc1a36bcbd6b767a2cf (32/42) - (1/8)
 - [32] ExecuteFile


2025-08-21 12:03:26,909 [T11-ScriptEngine] INFO  JobRequest
 - STEP 2: Sb4f3272faf2746e5bcdca1cd62aa3264 (33/42) - (2/8)
 - [33] Loop


2025-08-21 12:03:26,923 [T11-ScriptEngine] INFO  JobRequest
 - STEP 3: Sc0fafdaf528c4f79adcbf9ae4874e8ef (34/42) - (3/8)
 - [34] IsFileExist


2025-08-21 12:03:26,938 [T11-ScriptEngine] INFO  JobRequest
 - STEP 4: S44c24123b54943969e476c844a5ab4c5 (36/42) - (4/8)
 - [36] IfThen


2025-08-21 12:03:26,954 [T11-ScriptEngine] INFO  JobRequest
 - STEP 5: S2017dd0cae6a4606b97bb8601cb10271 (38/42) - (6/8)
 - [38] End-IfThen


2025-08-21 12:03:26,969 [T11-ScriptEngine] INFO  JobRequest
 - STEP 6: S6818f9e870af47979055801bd69542ca (39/42) - (7/8)
 - [39] Delay


2025-08-21 12:03:36,995 [T11-ScriptEngine] INFO  JobRequest
 - STEP 7: Sc0fafdaf528c4f79adcbf9ae4874e8ef (34/42) - (7/8)
 - [34] IsFileExist


2025-08-21 12:03:37,011 [T11-ScriptEngine] INFO  JobRequest
 - STEP 8: S44c24123b54943969e476c844a5ab4c5 (36/42) - (7/8)
 - [36] IfThen


2025-08-21 12:03:37,026 [T11-ScriptEngine] INFO  JobRequest
 - STEP 9: S86102a05ec204d81b1be95d50e02cd9a (37/42) - (7/8)
 - [37] Break


2025-08-21 12:03:37,041 [T11-ScriptEngine] INFO  JobRequest
 - STEP 10: S763892f9579643f7a109355e57290719 (40/42) - (8/8)
 - [40] End-Loop


2025-08-21 12:03:37,041 [T11-ScriptEngine] INFO  JobRunner
[PASS] TASK: T_자동분석

2025-08-21 12:03:37,049 [T11-ScriptEngine] INFO  JobRequest
##############################################################
### STATE: EndProcess - T_자동분석
##############################################################
354ddf04-9384-4eb5-be4f-65443917acbd
T_자동분석


2025-08-21 12:03:37,066 [T11-ScriptEngine] INFO  JobRunner
RunProcess - Job Result: {}

2025-08-21 12:03:37,066 [T11-ScriptEngine] DEBUG JobManager
Set Result State: Completed

2025-08-21 12:03:37,071 [T11-ScriptEngine] INFO  JobRunner
Make report.

2025-08-21 12:03:37,102 [T11-ScriptEngine] INFO  JobRunner
Start to clean up resources.

2025-08-21 12:03:37,104 [T6] DEBUG JobRunner
Start timer for checking the job to be completed.

2025-08-21 12:03:37,104 [T11-ScriptEngine] DEBUG JobRunner
OnProcessCompleted

2025-08-21 12:03:37,104 [T11-ScriptEngine] INFO  JobRunner
Start to clean up resources.

2025-08-21 12:03:37,107 [T11-ScriptEngine] DEBUG JobRunner
Remove all libraries

2025-08-21 12:03:37,129 [T11-ScriptEngine] DEBUG NetPlayer
WebPlayer OnDispose

2025-08-21 12:03:37,131 [T11-ScriptEngine] DEBUG WebPlayer
WebPlayer OnDispose : Do Nothing

2025-08-21 12:03:37,135 [T11-ScriptEngine] DEBUG UiaAppHelper
WinHelper DisposeAppList Count: 0

2025-08-21 12:03:37,135 [T11-ScriptEngine] INFO  JobRunner
All Resources Clear

2025-08-21 12:03:37,138 [T11-ScriptEngine] DEBUG JobRunner
OnCompleted

2025-08-21 12:03:37,139 [T11-ScriptEngine] DEBUG JobRunner
SendJobResult: Completed

2025-08-21 12:03:37,139 [T11-ScriptEngine] INFO  JobRequest
##############################################################
### STATE: Completed
##############################################################
{}


2025-08-21 12:03:37,139 [T11-ScriptEngine] INFO  JobRequest
Last job life cycle state: Completed

2025-08-21 12:03:37,139 [T11-ScriptEngine] INFO  JobRequest
Update skipped current step informations.

2025-08-21 12:03:37,142 [T11-ScriptEngine] DEBUG JobDBManager
Set last life-cycle state: Completed - {}

2025-08-21 12:03:37,166 [T4] DEBUG JobRequest
Callback - State: Completed
{}

2025-08-21 12:03:37,167 [T11-ScriptEngine] INFO  JobRequest
##############################################################
### JOB COMPLETED
##############################################################


2025-08-21 12:03:37,182 [T4] INFO  JobRequest
Callback - EngineClosed

2025-08-21 12:03:37,182 [T4] INFO  JobService
Disconnect agent service

2025-08-21 12:03:37,186 [T4] DEBUG JobRequest
End of Callback Sender

2025-08-21 12:03:37,196 [T11-ScriptEngine] INFO  JobRunner
RunProcess end

2025-08-21 12:03:37,196 [T1] INFO  JobService
Exit - Shutdown Engine BOT

2025-08-21 12:03:37,196 [T1] INFO  EngineStarter
EngineBOT MainWindow Closing

2025-08-21 12:03:37,197 [T1] INFO  EngineStarter
EngineBOT MainWindow Closed

2025-08-21 12:03:37,198 [T1] INFO  EngineStarter
EngineBOT Application Exit

