2025-08-21 12:01:14,574 [T1] INFO  EngineStarter
BOT Engine Start - v3.1.125.00701 at 2025-08-21 오후 12:01:14
EngineID: D_20250821_120113_804
PID : 8684
PPID: 12136
Working Directory: C:\Users\3CLASS_018\AppData\Roaming\Brity RPA Designer

2025-08-21 12:01:14,591 [T1] INFO  EngineStarter
System Language: ko-KR
Resolution: 1920 x 1080

2025-08-21 12:01:14,833 [T1] INFO  Config
Initialize Config

2025-08-21 12:01:14,876 [T1] DEBUG Config
Config Loaded

2025-08-21 12:01:14,877 [T1] DEBUG Config
Backup config file.

2025-08-21 12:01:14,889 [T1] INFO  Config
Orchestrator Service => https://bwrpa.samsungsds.com:8777

2025-08-21 12:01:14,896 [T1] INFO  Config
Initialize Resource Config

2025-08-21 12:01:14,927 [T1] DEBUG Config
Refresh Language Information

2025-08-21 12:01:15,003 [T1] INFO  Config
All Config Initialized.

2025-08-21 12:01:15,009 [T1] DEBUG KeyManager
Initialize KeyManager

2025-08-21 12:01:15,012 [T1] DEBUG KeyManager
Load device unique id.

2025-08-21 12:01:15,020 [T1] DEBUG KeyManager
Device ID is initialized.

2025-08-21 12:01:15,023 [T1] INFO  Config
Activated License Type : StandAloneDesigner

2025-08-21 12:01:15,099 [T4] DEBUG JobService
Connect to agent service

2025-08-21 12:01:15,128 [T1] DEBUG ApplicationInitializer
InitMode: Thread

2025-08-21 12:01:15,137 [T1] INFO  LibraryManager
Load Libraries - Started

2025-08-21 12:01:15,140 [T4] DEBUG JobService
JobService URL : net.tcp://127.0.0.1:59001/rpa/agent

2025-08-21 12:01:15,140 [T4] DEBUG JobService
Open connection

2025-08-21 12:01:15,148 [T1] DEBUG AddInLoader
Load Assembly : IPA.Lib.Chrome

2025-08-21 12:01:15,158 [T4] DEBUG JobService
Register engine to agent

2025-08-21 12:01:15,172 [T4] DEBUG JobService
Engine is connected to agent service.

2025-08-21 12:01:15,172 [T4] DEBUG JobService
Owner Process PID: 12136

2025-08-21 12:01:15,175 [T4] INFO  JobService
Start monitoring owner process is terminated.

2025-08-21 12:01:15,360 [T1] DEBUG AddInLoader
Load Assembly : IPA.Lib.Desktop

2025-08-21 12:01:15,534 [T1] DEBUG AddInLoader
Load Assembly : IPA.Lib.Excel

2025-08-21 12:01:15,678 [T1] DEBUG AddInLoader
Load Assembly : IPA.Lib.Flow

2025-08-21 12:01:15,784 [T1] DEBUG AddInLoader
Load Assembly : IPA.Lib.IE

2025-08-21 12:01:15,879 [T1] DEBUG AddInLoader
Load Assembly : IPA.Lib.ImageConverter

2025-08-21 12:01:15,934 [T1] DEBUG AddInLoader
Load Assembly : IPA.Lib.ImageRecognition

2025-08-21 12:01:16,110 [T1] DEBUG AddInLoader
Load Assembly : IPA.Lib.MicrosoftOCR

2025-08-21 12:01:16,164 [T1] DEBUG AddInLoader
Load Assembly : IPA.Lib.Net

2025-08-21 12:01:16,235 [T1] DEBUG AddInLoader
Load Assembly : IPA.Lib.Orchestra

2025-08-21 12:01:16,331 [T1] DEBUG AddInLoader
Load Assembly : IPA.Lib.ProcessFlow

2025-08-21 12:01:16,421 [T1] DEBUG AddInLoader
Load Assembly : IPA.Lib.SAP

2025-08-21 12:01:16,508 [T1] DEBUG AddInLoader
Load Assembly : IPA.Lib.Web

2025-08-21 12:01:16,623 [T1] DEBUG AddInLoader
Load Assembly : IPA.Lib.Win

2025-08-21 12:01:16,760 [T1] INFO  ScreenCapture
Default Screen Capture Bounds: 0,0,1920,1080

2025-08-21 12:01:16,788 [T1] DEBUG AddInLoader
Load Assembly : BrityRPA.AddIn.NativeApp

2025-08-21 12:01:16,889 [T1] DEBUG AddInLoader
Load Assembly : BrityWorks.AddIn.Outlook

2025-08-21 12:01:16,955 [T1] DEBUG AddInLoader
Load Assembly : BrityWorks.AddIn.Pdf

2025-08-21 12:01:17,042 [T1] DEBUG LibraryManager
Load Library - Chrome

2025-08-21 12:01:17,057 [T1] DEBUG LibraryManager
Load Library - Desktop

2025-08-21 12:01:17,072 [T1] DEBUG LibraryManager
Load Library - Excel

2025-08-21 12:01:17,088 [T1] DEBUG LibraryManager
Load Library - Flow

2025-08-21 12:01:17,103 [T1] DEBUG LibraryManager
Load Library - IE

2025-08-21 12:01:17,118 [T1] DEBUG LibraryManager
Load Library - ImageConverter

2025-08-21 12:01:17,134 [T1] DEBUG LibraryManager
Load Library - ImageRecognition

2025-08-21 12:01:17,149 [T1] DEBUG LibraryManager
Load Library - MicrosoftOCR

2025-08-21 12:01:17,165 [T1] DEBUG LibraryManager
Load Library - NativeApp

2025-08-21 12:01:17,180 [T1] DEBUG LibraryManager
Load Library - Net

2025-08-21 12:01:17,196 [T1] DEBUG LibraryManager
Load Library - Orchestra

2025-08-21 12:01:17,211 [T1] DEBUG LibraryManager
Load Library - Outlook

2025-08-21 12:01:17,226 [T1] DEBUG LibraryManager
Load Library - Pdf

2025-08-21 12:01:17,241 [T1] DEBUG LibraryManager
Load Library - SAP

2025-08-21 12:01:17,257 [T1] DEBUG LibraryManager
Load Library - Web

2025-08-21 12:01:17,272 [T1] DEBUG LibraryManager
Load Library - Win

2025-08-21 12:01:17,288 [T1] DEBUG LibraryManager
Load Library - WorkFlow

2025-08-21 12:01:17,292 [T1] DEBUG LibraryManager
Load built-in script libraries

2025-08-21 12:01:17,550 [T1] INFO  LibraryManager
Load Libraries - Completed.

2025-08-21 12:01:17,564 [T1] INFO  App
Launch Arguments: Total: 6 |  -eid D_20250821_120113_804 -runtype ProcRunner -ppid 12136

2025-08-21 12:01:17,564 [T1] DEBUG Config
Refresh Language Information

2025-08-21 12:01:17,565 [T1] DEBUG LibraryManager
LibraryManager Initialized.

2025-08-21 12:01:34,959 [T8] INFO  JobService
Start Job: T_자동분석 (Foreground)
{
  "JobType": 1,
  "State": 0,
  "IsRunning": false,
  "ResultMessage": null,
  "StartTime": "2025-08-21 12:01:34",
  "EndTime": null,
  "JobId": "Designer_20250821_120134_612",
  "UserAuthentication": null,
  "ProcessPath": "C:\\Users\\3CLASS_018\\Documents\\Brity RPA Projects\\수익성자동분석\\T_자동분석.proc",
  "ProcessId": "354ddf04-9384-4eb5-be4f-65443917acbd",
  "ProcessVer": "",
  "ProcessArgs": "Sa74b8cb6da8f40bbac331e5bcc6363cb;Sa74b8cb6da8f40bbac331e5bcc6363cb;False",
  "RequesterType": 3,
  "RequesterId": "designer",
  "RequesterPID": 12136,
  "OptionsJsonString": null,
  "TimeoutSec": 0,
  "EngineID": "D_20250821_120113_804",
  "EnginePID": 0,
  "EngineRecommededVersion": "",
  "JobWorkDir": "C:\\Users\\3CLASS_018\\Documents\\Brity RPA Projects\\수익성자동분석\\Histories\\20250821_120134_T_자동분석_Designer_20250821_120134_612",
  "JobLogDir": "C:\\Users\\3CLASS_018\\Documents\\Brity RPA Projects\\수익성자동분석\\Histories\\20250821_120134_T_자동분석_Designer_20250821_120134_612\\Log",
  "JobScreenshotDir": "C:\\Users\\3CLASS_018\\Documents\\Brity RPA Projects\\수익성자동분석\\Histories\\20250821_120134_T_자동분석_Designer_20250821_120134_612\\Log\\Screenshot"
}

2025-08-21 12:01:35,102 [T6] DEBUG JobService
Waiting library loading...

2025-08-21 12:01:35,104 [T6] DEBUG Config
Reload User Settings

2025-08-21 12:01:35,109 [T6] INFO  JobService
Config Loading Completed.

2025-08-21 12:01:35,109 [T6] DEBUG JobService
Config Loading Time: 6 ms.

2025-08-21 12:01:35,113 [T6] DEBUG JobService
Check Shared Token

2025-08-21 12:01:35,116 [T6] DEBUG TokenManager
Load connection token

2025-08-21 12:01:35,119 [T6] DEBUG TokenManager
Clear Connection Token - No Shared Token

2025-08-21 12:01:35,125 [T6] DEBUG ServerInformationClient
get server features for engine bot from config.

2025-08-21 12:01:35,127 [T6] INFO  Config
Try to load server features from config.

2025-08-21 12:01:35,130 [T6] INFO  TokenManager
SecurityType : v2

2025-08-21 12:01:35,133 [T6] INFO  JobService
Shared Token - No Token

2025-08-21 12:01:35,138 [T6] INFO  JobManager
Create JobManager instance for job T_자동분석(Designer_20250821_120134_612)

2025-08-21 12:01:35,143 [T6] INFO  JobRequest
Job ID : Designer_20250821_120134_612
Project Path  : C:\Users\3CLASS_018\Documents\Brity RPA Projects\수익성자동분석\수익성자동분석.proj
Process Name  : T_자동분석
Engine Mode   : Designer
Requester Type: Designer
Requester PID : 12136

2025-08-21 12:01:35,146 [T5] INFO  JobRequest
Start Callback Sender

2025-08-21 12:01:35,146 [T5] DEBUG JobRequest
Step Callback Interval: 500

2025-08-21 12:01:35,185 [T6] DEBUG ProjectManager
Set Project Information

2025-08-21 12:01:35,209 [T6] INFO  PlayOptionManager
PlayOption
- Step Interval : 1
- Disable DrawBounds : False
- Invoke First : False
- Allow Upload of DumpScreen results : False

2025-08-21 12:01:35,210 [T6] INFO  JobRunner
Initialize Script Engine

2025-08-21 12:01:35,227 [T11-ScriptEngine] INFO  JobRequest
##############################################################
### STATE: Initializing
##############################################################


2025-08-21 12:01:35,251 [T5] DEBUG JobRequest
Callback - State: Initializing


2025-08-21 12:01:36,120 [T11-ScriptEngine] INFO  JobRequest
##############################################################
### STATE: Ready
##############################################################


2025-08-21 12:01:36,131 [T5] DEBUG JobRequest
Callback - State: Ready


2025-08-21 12:01:36,131 [T6] INFO  JobRunnerHook
HotKey Hook Started

2025-08-21 12:01:36,132 [T6] INFO  JobRequest
##############################################################
### STATE: Starting
##############################################################


2025-08-21 12:01:36,134 [T11-ScriptEngine] INFO  JobRunner
RunProcess start

2025-08-21 12:01:36,136 [T11-ScriptEngine] INFO  JobRequest
##############################################################
### STATE: Running
##############################################################


2025-08-21 12:01:36,136 [T11-ScriptEngine] INFO  JobRequest
Last job life cycle state: Running

2025-08-21 12:01:36,147 [T5] DEBUG JobRequest
Callback - State: Starting


2025-08-21 12:01:36,147 [T5] DEBUG JobRequest
Callback - State: Running


2025-08-21 12:01:37,417 [T11-ScriptEngine] DEBUG ScreenCapture
DirectX Screen Capture Initialized.

2025-08-21 12:01:37,437 [T11-ScriptEngine] DEBUG JobRunner
DirectX ScreenCapture Checked.

2025-08-21 12:01:37,477 [T11-ScriptEngine] INFO  JobRequest
##############################################################
### STATE: StartProcess - T_자동분석
##############################################################
354ddf04-9384-4eb5-be4f-65443917acbd
T_자동분석


2025-08-21 12:01:37,537 [T11-ScriptEngine] INFO  JobRequest
**************************************************************
*** TASK: T_자동분석
**************************************************************
 - STEP 1: Sa74b8cb6da8f40bbac331e5bcc6363cb (31/41) - (1/1)
 - [31] ExecuteCmd


2025-08-21 12:01:37,693 [T11-ScriptEngine] INFO  JobRunner
[PASS] TASK: T_자동분석

2025-08-21 12:01:37,703 [T11-ScriptEngine] INFO  JobRequest
##############################################################
### STATE: EndProcess - T_자동분석
##############################################################
354ddf04-9384-4eb5-be4f-65443917acbd
T_자동분석


2025-08-21 12:01:37,719 [T11-ScriptEngine] INFO  JobRunner
RunProcess - Job Result: {}

2025-08-21 12:01:37,720 [T11-ScriptEngine] DEBUG JobManager
Set Result State: Completed

2025-08-21 12:01:37,724 [T11-ScriptEngine] INFO  JobRunner
Make report.

2025-08-21 12:01:37,761 [T11-ScriptEngine] INFO  JobRunner
Start to clean up resources.

2025-08-21 12:01:37,763 [T10] DEBUG JobRunner
Start timer for checking the job to be completed.

2025-08-21 12:01:37,763 [T11-ScriptEngine] DEBUG JobRunner
OnProcessCompleted

2025-08-21 12:01:37,764 [T11-ScriptEngine] INFO  JobRunner
Start to clean up resources.

2025-08-21 12:01:37,767 [T11-ScriptEngine] DEBUG JobRunner
Remove all libraries

2025-08-21 12:01:37,788 [T11-ScriptEngine] DEBUG NetPlayer
WebPlayer OnDispose

2025-08-21 12:01:37,790 [T11-ScriptEngine] DEBUG WebPlayer
WebPlayer OnDispose : Do Nothing

2025-08-21 12:01:37,793 [T11-ScriptEngine] DEBUG UiaAppHelper
WinHelper DisposeAppList Count: 0

2025-08-21 12:01:37,793 [T11-ScriptEngine] INFO  JobRunner
All Resources Clear

2025-08-21 12:01:37,796 [T11-ScriptEngine] DEBUG JobRunner
OnCompleted

2025-08-21 12:01:37,796 [T11-ScriptEngine] DEBUG JobRunner
SendJobResult: Completed

2025-08-21 12:01:37,797 [T11-ScriptEngine] INFO  JobRequest
##############################################################
### STATE: Completed
##############################################################
{}


2025-08-21 12:01:37,797 [T11-ScriptEngine] INFO  JobRequest
Last job life cycle state: Completed

2025-08-21 12:01:37,797 [T11-ScriptEngine] INFO  JobRequest
Update skipped current step informations.

2025-08-21 12:01:37,800 [T11-ScriptEngine] DEBUG JobDBManager
Set last life-cycle state: Completed - {}

2025-08-21 12:01:37,823 [T5] DEBUG JobRequest
Callback - State: Completed
{}

2025-08-21 12:01:37,824 [T11-ScriptEngine] INFO  JobRequest
##############################################################
### JOB COMPLETED
##############################################################


2025-08-21 12:01:37,840 [T5] INFO  JobRequest
Callback - EngineClosed

2025-08-21 12:01:37,840 [T5] INFO  JobService
Disconnect agent service

2025-08-21 12:01:37,843 [T5] DEBUG JobRequest
End of Callback Sender

