2025-08-21 11:55:33,789 [T1] INFO  EngineStarter
BOT Engine Start - v3.1.125.00701 at 2025-08-21 오전 11:55:33
EngineID: D_20250821_115533_004
PID : 14224
PPID: 12136
Working Directory: C:\Users\3CLASS_018\AppData\Roaming\Brity RPA Designer

2025-08-21 11:55:33,807 [T1] INFO  EngineStarter
System Language: ko-KR
Resolution: 1920 x 1080

2025-08-21 11:55:34,070 [T1] INFO  Config
Initialize Config

2025-08-21 11:55:34,114 [T1] DEBUG Config
Config Loaded

2025-08-21 11:55:34,115 [T1] DEBUG Config
Backup config file.

2025-08-21 11:55:34,124 [T1] INFO  Config
Orchestrator Service => https://bwrpa.samsungsds.com:8777

2025-08-21 11:55:34,128 [T1] INFO  Config
Initialize Resource Config

2025-08-21 11:55:34,155 [T1] DEBUG Config
Refresh Language Information

2025-08-21 11:55:34,232 [T1] INFO  Config
All Config Initialized.

2025-08-21 11:55:34,238 [T1] DEBUG KeyManager
Initialize KeyManager

2025-08-21 11:55:34,240 [T1] DEBUG KeyManager
Load device unique id.

2025-08-21 11:55:34,248 [T1] DEBUG KeyManager
Device ID is initialized.

2025-08-21 11:55:34,251 [T1] INFO  Config
Activated License Type : StandAloneDesigner

2025-08-21 11:55:34,316 [T5] DEBUG JobService
Connect to agent service

2025-08-21 11:55:34,344 [T1] DEBUG ApplicationInitializer
InitMode: Thread

2025-08-21 11:55:34,353 [T1] INFO  LibraryManager
Load Libraries - Started

2025-08-21 11:55:34,358 [T5] DEBUG JobService
JobService URL : net.tcp://127.0.0.1:59001/rpa/agent

2025-08-21 11:55:34,359 [T5] DEBUG JobService
Open connection

2025-08-21 11:55:34,364 [T1] DEBUG AddInLoader
Load Assembly : IPA.Lib.Chrome

2025-08-21 11:55:34,377 [T5] DEBUG JobService
Register engine to agent

2025-08-21 11:55:34,389 [T5] DEBUG JobService
Engine is connected to agent service.

2025-08-21 11:55:34,389 [T5] DEBUG JobService
Owner Process PID: 12136

2025-08-21 11:55:34,392 [T5] INFO  JobService
Start monitoring owner process is terminated.

2025-08-21 11:55:34,575 [T1] DEBUG AddInLoader
Load Assembly : IPA.Lib.Desktop

2025-08-21 11:55:34,719 [T1] DEBUG AddInLoader
Load Assembly : IPA.Lib.Excel

2025-08-21 11:55:34,858 [T1] DEBUG AddInLoader
Load Assembly : IPA.Lib.Flow

2025-08-21 11:55:34,965 [T1] DEBUG AddInLoader
Load Assembly : IPA.Lib.IE

2025-08-21 11:55:35,048 [T1] DEBUG AddInLoader
Load Assembly : IPA.Lib.ImageConverter

2025-08-21 11:55:35,119 [T1] DEBUG AddInLoader
Load Assembly : IPA.Lib.ImageRecognition

2025-08-21 11:55:35,338 [T1] DEBUG AddInLoader
Load Assembly : IPA.Lib.MicrosoftOCR

2025-08-21 11:55:35,400 [T1] DEBUG AddInLoader
Load Assembly : IPA.Lib.Net

2025-08-21 11:55:35,490 [T1] DEBUG AddInLoader
Load Assembly : IPA.Lib.Orchestra

2025-08-21 11:55:35,578 [T1] DEBUG AddInLoader
Load Assembly : IPA.Lib.ProcessFlow

2025-08-21 11:55:35,651 [T1] DEBUG AddInLoader
Load Assembly : IPA.Lib.SAP

2025-08-21 11:55:35,725 [T1] DEBUG AddInLoader
Load Assembly : IPA.Lib.Web

2025-08-21 11:55:35,816 [T1] DEBUG AddInLoader
Load Assembly : IPA.Lib.Win

2025-08-21 11:55:35,926 [T1] INFO  ScreenCapture
Default Screen Capture Bounds: 0,0,1920,1080

2025-08-21 11:55:35,953 [T1] DEBUG AddInLoader
Load Assembly : BrityRPA.AddIn.NativeApp

2025-08-21 11:55:36,053 [T1] DEBUG AddInLoader
Load Assembly : BrityWorks.AddIn.Outlook

2025-08-21 11:55:36,117 [T1] DEBUG AddInLoader
Load Assembly : BrityWorks.AddIn.Pdf

2025-08-21 11:55:36,203 [T1] DEBUG LibraryManager
Load Library - Chrome

2025-08-21 11:55:36,218 [T1] DEBUG LibraryManager
Load Library - Desktop

2025-08-21 11:55:36,234 [T1] DEBUG LibraryManager
Load Library - Excel

2025-08-21 11:55:36,249 [T1] DEBUG LibraryManager
Load Library - Flow

2025-08-21 11:55:36,264 [T1] DEBUG LibraryManager
Load Library - IE

2025-08-21 11:55:36,280 [T1] DEBUG LibraryManager
Load Library - ImageConverter

2025-08-21 11:55:36,295 [T1] DEBUG LibraryManager
Load Library - ImageRecognition

2025-08-21 11:55:36,310 [T1] DEBUG LibraryManager
Load Library - MicrosoftOCR

2025-08-21 11:55:36,326 [T1] DEBUG LibraryManager
Load Library - NativeApp

2025-08-21 11:55:36,356 [T1] DEBUG LibraryManager
Load Library - Net

2025-08-21 11:55:36,372 [T1] DEBUG LibraryManager
Load Library - Orchestra

2025-08-21 11:55:36,388 [T1] DEBUG LibraryManager
Load Library - Outlook

2025-08-21 11:55:36,404 [T1] DEBUG LibraryManager
Load Library - Pdf

2025-08-21 11:55:36,420 [T1] DEBUG LibraryManager
Load Library - SAP

2025-08-21 11:55:36,452 [T1] DEBUG LibraryManager
Load Library - Web

2025-08-21 11:55:36,467 [T1] DEBUG LibraryManager
Load Library - Win

2025-08-21 11:55:36,482 [T1] DEBUG LibraryManager
Load Library - WorkFlow

2025-08-21 11:55:36,494 [T1] DEBUG LibraryManager
Load built-in script libraries

2025-08-21 11:55:36,759 [T1] INFO  LibraryManager
Load Libraries - Completed.

2025-08-21 11:55:36,770 [T1] INFO  App
Launch Arguments: Total: 6 |  -eid D_20250821_115533_004 -runtype ProcRunner -ppid 12136

2025-08-21 11:55:36,770 [T1] DEBUG Config
Refresh Language Information

2025-08-21 11:55:36,771 [T1] DEBUG LibraryManager
LibraryManager Initialized.

2025-08-21 11:58:53,564 [T9] INFO  JobService
Start Job: T_자동분석 (Foreground)
{
  "JobType": 1,
  "State": 0,
  "IsRunning": false,
  "ResultMessage": null,
  "StartTime": "2025-08-21 11:58:53",
  "EndTime": null,
  "JobId": "Designer_20250821_115853_180",
  "UserAuthentication": null,
  "ProcessPath": "C:\\Users\\3CLASS_018\\Documents\\Brity RPA Projects\\수익성자동분석\\T_자동분석.proc",
  "ProcessId": "354ddf04-9384-4eb5-be4f-65443917acbd",
  "ProcessVer": "",
  "ProcessArgs": "Sc0fafdaf528c4f79adcbf9ae4874e8ef;;False",
  "RequesterType": 3,
  "RequesterId": "designer",
  "RequesterPID": 12136,
  "OptionsJsonString": null,
  "TimeoutSec": 0,
  "EngineID": "D_20250821_115533_004",
  "EnginePID": 0,
  "EngineRecommededVersion": "",
  "JobWorkDir": "C:\\Users\\3CLASS_018\\Documents\\Brity RPA Projects\\수익성자동분석\\Histories\\20250821_115853_T_자동분석_Designer_20250821_115853_180",
  "JobLogDir": "C:\\Users\\3CLASS_018\\Documents\\Brity RPA Projects\\수익성자동분석\\Histories\\20250821_115853_T_자동분석_Designer_20250821_115853_180\\Log",
  "JobScreenshotDir": "C:\\Users\\3CLASS_018\\Documents\\Brity RPA Projects\\수익성자동분석\\Histories\\20250821_115853_T_자동분석_Designer_20250821_115853_180\\Log\\Screenshot"
}

2025-08-21 11:58:53,735 [T10] DEBUG JobService
Waiting library loading...

2025-08-21 11:58:53,738 [T10] DEBUG Config
Reload User Settings

2025-08-21 11:58:53,741 [T10] INFO  Config
UserSettings Reloaded =>
 - LastExecution : 7MqQt6O2n4kH/Q4UbJBddXgn2uSRgpH/UiOJrZsM9ds= -> Z9vi1CGkVi/Y5h6FQa90X0u5QgVTjsDqbuOHYS2f5vY=

2025-08-21 11:58:53,741 [T10] INFO  JobService
Config Loading Completed.

2025-08-21 11:58:53,741 [T10] DEBUG JobService
Config Loading Time: 5 ms.

2025-08-21 11:58:53,747 [T10] DEBUG JobService
Check Shared Token

2025-08-21 11:58:53,749 [T10] DEBUG TokenManager
Load connection token

2025-08-21 11:58:53,752 [T10] DEBUG TokenManager
Clear Connection Token - No Shared Token

2025-08-21 11:58:53,760 [T10] DEBUG ServerInformationClient
get server features for engine bot from config.

2025-08-21 11:58:53,762 [T10] INFO  Config
Try to load server features from config.

2025-08-21 11:58:53,766 [T10] INFO  TokenManager
SecurityType : v2

2025-08-21 11:58:53,769 [T10] INFO  JobService
Shared Token - No Token

2025-08-21 11:58:53,776 [T10] INFO  JobManager
Create JobManager instance for job T_자동분석(Designer_20250821_115853_180)

2025-08-21 11:58:53,783 [T10] INFO  JobRequest
Job ID : Designer_20250821_115853_180
Project Path  : C:\Users\3CLASS_018\Documents\Brity RPA Projects\수익성자동분석\수익성자동분석.proj
Process Name  : T_자동분석
Engine Mode   : Designer
Requester Type: Designer
Requester PID : 12136

2025-08-21 11:58:53,786 [T11] INFO  JobRequest
Start Callback Sender

2025-08-21 11:58:53,786 [T11] DEBUG JobRequest
Step Callback Interval: 500

2025-08-21 11:58:53,835 [T10] DEBUG ProjectManager
Set Project Information

2025-08-21 11:58:53,867 [T10] INFO  PlayOptionManager
PlayOption
- Step Interval : 1
- Disable DrawBounds : False
- Invoke First : False
- Allow Upload of DumpScreen results : False

2025-08-21 11:58:53,868 [T10] INFO  JobRunner
Initialize Script Engine

2025-08-21 11:58:53,885 [T14-ScriptEngine] INFO  JobRequest
##############################################################
### STATE: Initializing
##############################################################


2025-08-21 11:58:53,915 [T11] DEBUG JobRequest
Callback - State: Initializing


2025-08-21 11:58:54,739 [T14-ScriptEngine] INFO  JobRequest
##############################################################
### STATE: Ready
##############################################################


2025-08-21 11:58:54,750 [T11] DEBUG JobRequest
Callback - State: Ready


2025-08-21 11:58:54,751 [T10] INFO  JobRunnerHook
HotKey Hook Started

2025-08-21 11:58:54,752 [T10] INFO  JobRequest
##############################################################
### STATE: Starting
##############################################################


2025-08-21 11:58:54,754 [T14-ScriptEngine] INFO  JobRunner
RunProcess start

2025-08-21 11:58:54,755 [T14-ScriptEngine] INFO  JobRequest
##############################################################
### STATE: Running
##############################################################


2025-08-21 11:58:54,755 [T14-ScriptEngine] INFO  JobRequest
Last job life cycle state: Running

2025-08-21 11:58:54,765 [T11] DEBUG JobRequest
Callback - State: Starting


2025-08-21 11:58:54,765 [T11] DEBUG JobRequest
Callback - State: Running


2025-08-21 11:58:55,960 [T14-ScriptEngine] DEBUG ScreenCapture
DirectX Screen Capture Initialized.

2025-08-21 11:58:55,983 [T14-ScriptEngine] DEBUG JobRunner
DirectX ScreenCapture Checked.

2025-08-21 11:58:56,031 [T14-ScriptEngine] INFO  JobRequest
##############################################################
### STATE: StartProcess - T_자동분석
##############################################################
354ddf04-9384-4eb5-be4f-65443917acbd
T_자동분석


2025-08-21 11:58:56,114 [T14-ScriptEngine] INFO  JobRequest
**************************************************************
*** TASK: T_자동분석
**************************************************************
 - STEP 1: Sc0fafdaf528c4f79adcbf9ae4874e8ef (33/41) - (1/6)
 - [33] IsFileExist


2025-08-21 11:58:56,240 [T14-ScriptEngine] INFO  JobRequest
 - STEP 2: S6ad4b549ac19478f9fa8f4196660d422 (34/41) - (2/6)
 - [34] Debugger


2025-08-21 11:58:56,280 [T14-ScriptEngine] INFO  JobRunner
Try Pause

2025-08-21 11:58:56,280 [T14-ScriptEngine] INFO  JobRequest
##############################################################
### STATE: Paused
##############################################################


2025-08-21 11:58:56,280 [T14-ScriptEngine] INFO  JobRequest
Last job life cycle state: Paused

2025-08-21 11:58:56,283 [T14-ScriptEngine] DEBUG JobDBManager
Set last life-cycle state: Paused

2025-08-21 11:58:56,318 [T11] DEBUG JobRequest
Callback - State: Paused


2025-08-21 11:59:23,069 [T9] INFO  JobService
Stop Job

2025-08-21 11:59:23,071 [T9] INFO  JobRunner
Stop Job Runner - Cause: LocalUser / Message: stop by user

2025-08-21 11:59:23,072 [T9] INFO  JobRequest
##############################################################
### STATE: Stopping
##############################################################
stop by user


2025-08-21 11:59:23,078 [T11] DEBUG JobRequest
Callback - State: Stopping
stop by user

2025-08-21 11:59:23,085 [T14-ScriptEngine] DEBUG JobRunner
RunTask Interrupted. TASK: T_자동분석 => Script execution interrupted by host

2025-08-21 11:59:23,104 [T14-ScriptEngine] DEBUG JobManager
Set Result State: Stopped

2025-08-21 11:59:23,108 [T14-ScriptEngine] INFO  JobRunner
Make report.

2025-08-21 11:59:23,155 [T14-ScriptEngine] INFO  JobRunner
Start to clean up resources.

2025-08-21 11:59:23,156 [T14-ScriptEngine] DEBUG JobRunner
OnProcessCompleted

2025-08-21 11:59:23,157 [T20] DEBUG JobRunner
Start timer for checking the job to be completed.

2025-08-21 11:59:23,157 [T14-ScriptEngine] INFO  JobRunner
Start to clean up resources.

2025-08-21 11:59:23,158 [T14-ScriptEngine] DEBUG JobRunner
Remove all Process Stack: 1

2025-08-21 11:59:23,162 [T14-ScriptEngine] INFO  JobRequest
##############################################################
### STATE: EndProcess - T_자동분석
##############################################################
354ddf04-9384-4eb5-be4f-65443917acbd
T_자동분석


2025-08-21 11:59:23,163 [T14-ScriptEngine] DEBUG JobRunner
Remove all libraries

2025-08-21 11:59:23,183 [T14-ScriptEngine] DEBUG NetPlayer
WebPlayer OnDispose

2025-08-21 11:59:23,185 [T14-ScriptEngine] DEBUG WebPlayer
WebPlayer OnDispose : Do Nothing

2025-08-21 11:59:23,188 [T14-ScriptEngine] DEBUG UiaAppHelper
WinHelper DisposeAppList Count: 0

2025-08-21 11:59:23,188 [T14-ScriptEngine] INFO  JobRunner
All Resources Clear

2025-08-21 11:59:23,191 [T14-ScriptEngine] DEBUG JobRunner
OnCompleted

2025-08-21 11:59:23,192 [T14-ScriptEngine] DEBUG JobRunner
SendJobResult: Stopped

2025-08-21 11:59:23,192 [T14-ScriptEngine] INFO  JobRequest
##############################################################
### STATE: Stopped
##############################################################
Process: T_자동분석
Step: Debugger (34/41)

Stopped by User


2025-08-21 11:59:23,192 [T14-ScriptEngine] INFO  JobRequest
Last job life cycle state: Stopped

2025-08-21 11:59:23,192 [T14-ScriptEngine] INFO  JobRequest
Update skipped current step informations.

2025-08-21 11:59:23,192 [T14-ScriptEngine] DEBUG JobDBManager
Set last life-cycle state: Stopped - Process: T_자동분석
Step: Debugger (34/41)

Stopped by User

2025-08-21 11:59:23,192 [T14-ScriptEngine] WARN  JobDBManager
Init database instance - C:\Users\3CLASS_018\AppData\Roaming\Brity RPA Designer\log\designer.db

2025-08-21 11:59:23,201 [T14-ScriptEngine] INFO  JobRequest
##############################################################
### JOB COMPLETED
##############################################################


2025-08-21 11:59:23,202 [T11] DEBUG JobRequest
Callback - State: Stopped
Process: T_자동분석
Step: Debugger (34/41)

Stopped by User

2025-08-21 11:59:23,204 [T11] INFO  JobRequest
Callback - EngineClosed

2025-08-21 11:59:23,204 [T11] INFO  JobService
Disconnect agent service

2025-08-21 11:59:23,207 [T11] DEBUG JobRequest
End of Callback Sender

