2025-08-21 11:59:45,657 [T1] INFO  EngineStarter
BOT Engine Start - v3.1.125.00701 at 2025-08-21 오전 11:59:45
EngineID: D_20250821_115944_874
PID : 7840
PPID: 12136
Working Directory: C:\Users\3CLASS_018\AppData\Roaming\Brity RPA Designer

2025-08-21 11:59:45,676 [T1] INFO  EngineStarter
System Language: ko-KR
Resolution: 1920 x 1080

2025-08-21 11:59:45,892 [T1] INFO  Config
Initialize Config

2025-08-21 11:59:45,931 [T1] DEBUG Config
Config Loaded

2025-08-21 11:59:45,932 [T1] DEBUG Config
Backup config file.

2025-08-21 11:59:45,941 [T1] INFO  Config
Orchestrator Service => https://bwrpa.samsungsds.com:8777

2025-08-21 11:59:45,945 [T1] INFO  Config
Initialize Resource Config

2025-08-21 11:59:45,973 [T1] DEBUG Config
Refresh Language Information

2025-08-21 11:59:46,055 [T1] INFO  Config
All Config Initialized.

2025-08-21 11:59:46,061 [T1] DEBUG KeyManager
Initialize KeyManager

2025-08-21 11:59:46,064 [T1] DEBUG KeyManager
Load device unique id.

2025-08-21 11:59:46,071 [T1] DEBUG KeyManager
Device ID is initialized.

2025-08-21 11:59:46,075 [T1] INFO  Config
Activated License Type : StandAloneDesigner

2025-08-21 11:59:46,155 [T5] DEBUG JobService
Connect to agent service

2025-08-21 11:59:46,182 [T1] DEBUG ApplicationInitializer
InitMode: Thread

2025-08-21 11:59:46,191 [T1] INFO  LibraryManager
Load Libraries - Started

2025-08-21 11:59:46,195 [T5] DEBUG JobService
JobService URL : net.tcp://127.0.0.1:59001/rpa/agent

2025-08-21 11:59:46,196 [T5] DEBUG JobService
Open connection

2025-08-21 11:59:46,202 [T1] DEBUG AddInLoader
Load Assembly : IPA.Lib.Chrome

2025-08-21 11:59:46,213 [T5] DEBUG JobService
Register engine to agent

2025-08-21 11:59:46,224 [T5] DEBUG JobService
Engine is connected to agent service.

2025-08-21 11:59:46,224 [T5] DEBUG JobService
Owner Process PID: 12136

2025-08-21 11:59:46,227 [T5] INFO  JobService
Start monitoring owner process is terminated.

2025-08-21 11:59:46,396 [T1] DEBUG AddInLoader
Load Assembly : IPA.Lib.Desktop

2025-08-21 11:59:46,575 [T1] DEBUG AddInLoader
Load Assembly : IPA.Lib.Excel

2025-08-21 11:59:46,723 [T1] DEBUG AddInLoader
Load Assembly : IPA.Lib.Flow

2025-08-21 11:59:46,821 [T1] DEBUG AddInLoader
Load Assembly : IPA.Lib.IE

2025-08-21 11:59:46,899 [T1] DEBUG AddInLoader
Load Assembly : IPA.Lib.ImageConverter

2025-08-21 11:59:46,960 [T1] DEBUG AddInLoader
Load Assembly : IPA.Lib.ImageRecognition

2025-08-21 11:59:47,151 [T1] DEBUG AddInLoader
Load Assembly : IPA.Lib.MicrosoftOCR

2025-08-21 11:59:47,202 [T1] DEBUG AddInLoader
Load Assembly : IPA.Lib.Net

2025-08-21 11:59:47,273 [T1] DEBUG AddInLoader
Load Assembly : IPA.Lib.Orchestra

2025-08-21 11:59:47,344 [T1] DEBUG AddInLoader
Load Assembly : IPA.Lib.ProcessFlow

2025-08-21 11:59:47,417 [T1] DEBUG AddInLoader
Load Assembly : IPA.Lib.SAP

2025-08-21 11:59:47,491 [T1] DEBUG AddInLoader
Load Assembly : IPA.Lib.Web

2025-08-21 11:59:47,590 [T1] DEBUG AddInLoader
Load Assembly : IPA.Lib.Win

2025-08-21 11:59:47,709 [T1] INFO  ScreenCapture
Default Screen Capture Bounds: 0,0,1920,1080

2025-08-21 11:59:47,737 [T1] DEBUG AddInLoader
Load Assembly : BrityRPA.AddIn.NativeApp

2025-08-21 11:59:47,837 [T1] DEBUG AddInLoader
Load Assembly : BrityWorks.AddIn.Outlook

2025-08-21 11:59:47,897 [T1] DEBUG AddInLoader
Load Assembly : BrityWorks.AddIn.Pdf

2025-08-21 11:59:47,979 [T1] DEBUG LibraryManager
Load Library - Chrome

2025-08-21 11:59:47,995 [T1] DEBUG LibraryManager
Load Library - Desktop

2025-08-21 11:59:48,010 [T1] DEBUG LibraryManager
Load Library - Excel

2025-08-21 11:59:48,026 [T1] DEBUG LibraryManager
Load Library - Flow

2025-08-21 11:59:48,042 [T1] DEBUG LibraryManager
Load Library - IE

2025-08-21 11:59:48,057 [T1] DEBUG LibraryManager
Load Library - ImageConverter

2025-08-21 11:59:48,073 [T1] DEBUG LibraryManager
Load Library - ImageRecognition

2025-08-21 11:59:48,088 [T1] DEBUG LibraryManager
Load Library - MicrosoftOCR

2025-08-21 11:59:48,104 [T1] DEBUG LibraryManager
Load Library - NativeApp

2025-08-21 11:59:48,119 [T1] DEBUG LibraryManager
Load Library - Net

2025-08-21 11:59:48,134 [T1] DEBUG LibraryManager
Load Library - Orchestra

2025-08-21 11:59:48,149 [T1] DEBUG LibraryManager
Load Library - Outlook

2025-08-21 11:59:48,165 [T1] DEBUG LibraryManager
Load Library - Pdf

2025-08-21 11:59:48,180 [T1] DEBUG LibraryManager
Load Library - SAP

2025-08-21 11:59:48,196 [T1] DEBUG LibraryManager
Load Library - Web

2025-08-21 11:59:48,211 [T1] DEBUG LibraryManager
Load Library - Win

2025-08-21 11:59:48,227 [T1] DEBUG LibraryManager
Load Library - WorkFlow

2025-08-21 11:59:48,243 [T1] DEBUG LibraryManager
Load built-in script libraries

2025-08-21 11:59:48,512 [T1] INFO  LibraryManager
Load Libraries - Completed.

2025-08-21 11:59:48,523 [T1] INFO  App
Launch Arguments: Total: 6 |  -eid D_20250821_115944_874 -runtype ProcRunner -ppid 12136

2025-08-21 11:59:48,523 [T1] DEBUG Config
Refresh Language Information

2025-08-21 11:59:48,524 [T1] DEBUG LibraryManager
LibraryManager Initialized.

2025-08-21 12:00:22,430 [T9] INFO  JobService
Start Job: T_자동분석 (Foreground)
{
  "JobType": 1,
  "State": 0,
  "IsRunning": false,
  "ResultMessage": null,
  "StartTime": "2025-08-21 12:00:22",
  "EndTime": null,
  "JobId": "Designer_20250821_120022_077",
  "UserAuthentication": null,
  "ProcessPath": "C:\\Users\\3CLASS_018\\Documents\\Brity RPA Projects\\수익성자동분석\\T_자동분석.proc",
  "ProcessId": "354ddf04-9384-4eb5-be4f-65443917acbd",
  "ProcessVer": "",
  "ProcessArgs": "Sa74b8cb6da8f40bbac331e5bcc6363cb;;False",
  "RequesterType": 3,
  "RequesterId": "designer",
  "RequesterPID": 12136,
  "OptionsJsonString": null,
  "TimeoutSec": 0,
  "EngineID": "D_20250821_115944_874",
  "EnginePID": 0,
  "EngineRecommededVersion": "",
  "JobWorkDir": "C:\\Users\\3CLASS_018\\Documents\\Brity RPA Projects\\수익성자동분석\\Histories\\20250821_120022_T_자동분석_Designer_20250821_120022_077",
  "JobLogDir": "C:\\Users\\3CLASS_018\\Documents\\Brity RPA Projects\\수익성자동분석\\Histories\\20250821_120022_T_자동분석_Designer_20250821_120022_077\\Log",
  "JobScreenshotDir": "C:\\Users\\3CLASS_018\\Documents\\Brity RPA Projects\\수익성자동분석\\Histories\\20250821_120022_T_자동분석_Designer_20250821_120022_077\\Log\\Screenshot"
}

2025-08-21 12:00:22,561 [T10] DEBUG JobService
Waiting library loading...

2025-08-21 12:00:22,564 [T10] DEBUG Config
Reload User Settings

2025-08-21 12:00:22,567 [T10] INFO  JobService
Config Loading Completed.

2025-08-21 12:00:22,567 [T10] DEBUG JobService
Config Loading Time: 4 ms.

2025-08-21 12:00:22,574 [T10] DEBUG JobService
Check Shared Token

2025-08-21 12:00:22,576 [T10] DEBUG TokenManager
Load connection token

2025-08-21 12:00:22,579 [T10] DEBUG TokenManager
Clear Connection Token - No Shared Token

2025-08-21 12:00:22,585 [T10] DEBUG ServerInformationClient
get server features for engine bot from config.

2025-08-21 12:00:22,586 [T10] INFO  Config
Try to load server features from config.

2025-08-21 12:00:22,591 [T10] INFO  TokenManager
SecurityType : v2

2025-08-21 12:00:22,592 [T10] INFO  JobService
Shared Token - No Token

2025-08-21 12:00:22,597 [T10] INFO  JobManager
Create JobManager instance for job T_자동분석(Designer_20250821_120022_077)

2025-08-21 12:00:22,603 [T10] INFO  JobRequest
Job ID : Designer_20250821_120022_077
Project Path  : C:\Users\3CLASS_018\Documents\Brity RPA Projects\수익성자동분석\수익성자동분석.proj
Process Name  : T_자동분석
Engine Mode   : Designer
Requester Type: Designer
Requester PID : 12136

2025-08-21 12:00:22,606 [T11] INFO  JobRequest
Start Callback Sender

2025-08-21 12:00:22,606 [T11] DEBUG JobRequest
Step Callback Interval: 500

2025-08-21 12:00:22,647 [T10] DEBUG ProjectManager
Set Project Information

2025-08-21 12:00:22,697 [T10] INFO  PlayOptionManager
PlayOption
- Step Interval : 1
- Disable DrawBounds : False
- Invoke First : False
- Allow Upload of DumpScreen results : False

2025-08-21 12:00:22,698 [T10] INFO  JobRunner
Initialize Script Engine

2025-08-21 12:00:22,717 [T14-ScriptEngine] INFO  JobRequest
##############################################################
### STATE: Initializing
##############################################################


2025-08-21 12:00:22,747 [T11] DEBUG JobRequest
Callback - State: Initializing


2025-08-21 12:00:23,580 [T14-ScriptEngine] INFO  JobRequest
##############################################################
### STATE: Ready
##############################################################


2025-08-21 12:00:23,585 [T11] DEBUG JobRequest
Callback - State: Ready


2025-08-21 12:00:23,591 [T10] INFO  JobRunnerHook
HotKey Hook Started

2025-08-21 12:00:23,592 [T10] INFO  JobRequest
##############################################################
### STATE: Starting
##############################################################


2025-08-21 12:00:23,594 [T14-ScriptEngine] INFO  JobRunner
RunProcess start

2025-08-21 12:00:23,596 [T14-ScriptEngine] INFO  JobRequest
##############################################################
### STATE: Running
##############################################################


2025-08-21 12:00:23,596 [T14-ScriptEngine] INFO  JobRequest
Last job life cycle state: Running

2025-08-21 12:00:23,600 [T11] DEBUG JobRequest
Callback - State: Starting


2025-08-21 12:00:23,602 [T11] DEBUG JobRequest
Callback - State: Running


2025-08-21 12:00:24,769 [T14-ScriptEngine] DEBUG ScreenCapture
DirectX Screen Capture Initialized.

2025-08-21 12:00:24,789 [T14-ScriptEngine] DEBUG JobRunner
DirectX ScreenCapture Checked.

2025-08-21 12:00:24,832 [T14-ScriptEngine] INFO  JobRequest
##############################################################
### STATE: StartProcess - T_자동분석
##############################################################
354ddf04-9384-4eb5-be4f-65443917acbd
T_자동분석


2025-08-21 12:00:24,883 [T14-ScriptEngine] INFO  JobRequest
**************************************************************
*** TASK: T_자동분석
**************************************************************
 - STEP 1: Sa74b8cb6da8f40bbac331e5bcc6363cb (31/41) - (1/8)
 - [31] ExecuteCmd


2025-08-21 12:00:25,060 [T14-ScriptEngine] INFO  JobRequest
 - STEP 2: Sb4f3272faf2746e5bcdca1cd62aa3264 (32/41) - (2/8)
 - [32] Loop


2025-08-21 12:00:25,076 [T14-ScriptEngine] INFO  JobRequest
 - STEP 3: Sc0fafdaf528c4f79adcbf9ae4874e8ef (33/41) - (3/8)
 - [33] IsFileExist


2025-08-21 12:00:25,106 [T14-ScriptEngine] INFO  JobRequest
 - STEP 4: S44c24123b54943969e476c844a5ab4c5 (35/41) - (4/8)
 - [35] IfThen


2025-08-21 12:00:25,122 [T14-ScriptEngine] INFO  JobRequest
 - STEP 5: S2017dd0cae6a4606b97bb8601cb10271 (37/41) - (6/8)
 - [37] End-IfThen


2025-08-21 12:00:25,138 [T14-ScriptEngine] INFO  JobRequest
 - STEP 6: S6818f9e870af47979055801bd69542ca (38/41) - (7/8)
 - [38] Delay


2025-08-21 12:00:35,171 [T14-ScriptEngine] INFO  JobRequest
 - STEP 7: Sc0fafdaf528c4f79adcbf9ae4874e8ef (33/41) - (7/8)
 - [33] IsFileExist


2025-08-21 12:00:35,186 [T14-ScriptEngine] INFO  JobRequest
 - STEP 8: S44c24123b54943969e476c844a5ab4c5 (35/41) - (7/8)
 - [35] IfThen


2025-08-21 12:00:35,202 [T14-ScriptEngine] INFO  JobRequest
 - STEP 9: S2017dd0cae6a4606b97bb8601cb10271 (37/41) - (7/8)
 - [37] End-IfThen


2025-08-21 12:00:35,218 [T14-ScriptEngine] INFO  JobRequest
 - STEP 10: S6818f9e870af47979055801bd69542ca (38/41) - (7/8)
 - [38] Delay


2025-08-21 12:00:45,238 [T14-ScriptEngine] INFO  JobRequest
 - STEP 11: Sc0fafdaf528c4f79adcbf9ae4874e8ef (33/41) - (7/8)
 - [33] IsFileExist


2025-08-21 12:00:45,253 [T14-ScriptEngine] INFO  JobRequest
 - STEP 12: S44c24123b54943969e476c844a5ab4c5 (35/41) - (7/8)
 - [35] IfThen


2025-08-21 12:00:45,269 [T14-ScriptEngine] INFO  JobRequest
 - STEP 13: S2017dd0cae6a4606b97bb8601cb10271 (37/41) - (7/8)
 - [37] End-IfThen


2025-08-21 12:00:45,284 [T14-ScriptEngine] INFO  JobRequest
 - STEP 14: S6818f9e870af47979055801bd69542ca (38/41) - (7/8)
 - [38] Delay


2025-08-21 12:00:55,315 [T14-ScriptEngine] INFO  JobRequest
 - STEP 15: Sc0fafdaf528c4f79adcbf9ae4874e8ef (33/41) - (7/8)
 - [33] IsFileExist


2025-08-21 12:00:55,330 [T14-ScriptEngine] INFO  JobRequest
 - STEP 16: S44c24123b54943969e476c844a5ab4c5 (35/41) - (7/8)
 - [35] IfThen


2025-08-21 12:00:55,346 [T14-ScriptEngine] INFO  JobRequest
 - STEP 17: S2017dd0cae6a4606b97bb8601cb10271 (37/41) - (7/8)
 - [37] End-IfThen


2025-08-21 12:00:55,361 [T14-ScriptEngine] INFO  JobRequest
 - STEP 18: S6818f9e870af47979055801bd69542ca (38/41) - (7/8)
 - [38] Delay


2025-08-21 12:01:05,382 [T14-ScriptEngine] INFO  JobRequest
 - STEP 19: Sc0fafdaf528c4f79adcbf9ae4874e8ef (33/41) - (7/8)
 - [33] IsFileExist


2025-08-21 12:01:05,397 [T14-ScriptEngine] INFO  JobRequest
 - STEP 20: S44c24123b54943969e476c844a5ab4c5 (35/41) - (7/8)
 - [35] IfThen


2025-08-21 12:01:05,413 [T14-ScriptEngine] INFO  JobRequest
 - STEP 21: S2017dd0cae6a4606b97bb8601cb10271 (37/41) - (7/8)
 - [37] End-IfThen


2025-08-21 12:01:05,430 [T14-ScriptEngine] INFO  JobRequest
 - STEP 22: S6818f9e870af47979055801bd69542ca (38/41) - (7/8)
 - [38] Delay


2025-08-21 12:01:13,657 [T3] INFO  JobService
Stop Job

2025-08-21 12:01:13,659 [T3] INFO  JobRunner
Stop Job Runner - Cause: LocalUser / Message: stop by user

2025-08-21 12:01:13,660 [T3] INFO  JobRequest
##############################################################
### STATE: Stopping
##############################################################
stop by user


2025-08-21 12:01:13,670 [T14-ScriptEngine] DEBUG JobRunner
RunTask Interrupted. TASK: T_자동분석 => Script execution interrupted by host

2025-08-21 12:01:13,677 [T11] DEBUG JobRequest
Callback - State: Stopping
stop by user

2025-08-21 12:01:13,687 [T14-ScriptEngine] DEBUG JobManager
Set Result State: Stopped

2025-08-21 12:01:13,691 [T14-ScriptEngine] INFO  JobRunner
Make report.

2025-08-21 12:01:13,725 [T14-ScriptEngine] INFO  JobRunner
Start to clean up resources.

2025-08-21 12:01:13,726 [T14-ScriptEngine] DEBUG JobRunner
OnProcessCompleted

2025-08-21 12:01:13,726 [T14-ScriptEngine] INFO  JobRunner
Start to clean up resources.

2025-08-21 12:01:13,727 [T14-ScriptEngine] DEBUG JobRunner
Remove all Process Stack: 1

2025-08-21 12:01:13,727 [T20] DEBUG JobRunner
Start timer for checking the job to be completed.

2025-08-21 12:01:13,732 [T14-ScriptEngine] INFO  JobRequest
##############################################################
### STATE: EndProcess - T_자동분석
##############################################################
354ddf04-9384-4eb5-be4f-65443917acbd
T_자동분석


2025-08-21 12:01:13,733 [T14-ScriptEngine] DEBUG JobRunner
Remove all libraries

2025-08-21 12:01:13,754 [T14-ScriptEngine] DEBUG NetPlayer
WebPlayer OnDispose

2025-08-21 12:01:13,756 [T14-ScriptEngine] DEBUG WebPlayer
WebPlayer OnDispose : Do Nothing

2025-08-21 12:01:13,759 [T14-ScriptEngine] DEBUG UiaAppHelper
WinHelper DisposeAppList Count: 0

2025-08-21 12:01:13,759 [T14-ScriptEngine] INFO  JobRunner
All Resources Clear

2025-08-21 12:01:13,762 [T14-ScriptEngine] DEBUG JobRunner
OnCompleted

2025-08-21 12:01:13,762 [T14-ScriptEngine] DEBUG JobRunner
SendJobResult: Stopped

2025-08-21 12:01:13,765 [T14-ScriptEngine] INFO  JobRequest
##############################################################
### STATE: Stopped
##############################################################
Process: T_자동분석
Step: Delay (38/41)

Stopped by User


2025-08-21 12:01:13,765 [T14-ScriptEngine] INFO  JobRequest
Last job life cycle state: Stopped

2025-08-21 12:01:13,765 [T14-ScriptEngine] INFO  JobRequest
Update skipped current step informations.

2025-08-21 12:01:13,768 [T14-ScriptEngine] DEBUG JobDBManager
Set last life-cycle state: Stopped - Process: T_자동분석
Step: Delay (38/41)

Stopped by User

2025-08-21 12:01:13,786 [T11] DEBUG JobRequest
Callback - State: Stopped
Process: T_자동분석
Step: Delay (38/41)

Stopped by User

2025-08-21 12:01:13,787 [T14-ScriptEngine] INFO  JobRequest
##############################################################
### JOB COMPLETED
##############################################################


2025-08-21 12:01:13,803 [T11] INFO  JobRequest
Callback - EngineClosed

2025-08-21 12:01:13,804 [T11] INFO  JobService
Disconnect agent service

2025-08-21 12:01:13,805 [T11] DEBUG JobRequest
End of Callback Sender

